<?xml version="1.0" encoding="UTF-8"?>
<!-- Generated by org.testng.reporters.JUnitReportReporter -->
<testsuite skipped="0" hostname="LAPTOP-D1795DH4" name="com.framework1st.testCases.TC_03_AddCustomer" tests="1" failures="0" timestamp="17 Aug 2020 19:12:53 GMT" time="24.297" errors="0">
  <testcase name="addNewCustomer" time="24.297" classname="com.framework1st.testCases.TC_03_AddCustomer"/>
</testsuite> <!-- com.framework1st.testCases.TC_03_AddCustomer -->
