<?xml version="1.0" encoding="UTF-8"?>
<!-- Generated by org.testng.reporters.JUnitReportReporter -->
<testsuite hostname="LAPTOP-D1795DH4" failures="0" tests="1" name="com.framework1st.testCases.TC_01_LogIn" time="6.189" errors="0" timestamp="2020-08-24T15:18:14 IST" skipped="0">
  <testcase classname="com.framework1st.testCases.TC_01_LogIn" name="loginTest" time="6.189"/>
  <system-out/>
</testsuite> <!-- com.framework1st.testCases.TC_01_LogIn -->
