<?xml version="1.0" encoding="UTF-8"?>
<!-- Generated by org.testng.reporters.JUnitReportReporter -->
<testsuite hostname="LAPTOP-D1795DH4" failures="0" tests="1" name="com.framework1st.testCases.TC_03_AddCustomer" time="24.981" errors="0" timestamp="2020-08-24T15:18:14 IST" skipped="0">
  <testcase classname="com.framework1st.testCases.TC_03_AddCustomer" name="addNewCustomer" time="24.981"/>
  <system-out/>
</testsuite> <!-- com.framework1st.testCases.TC_03_AddCustomer -->
